<?xml version="1.0" encoding="UTF-8"?>
<Site BuildName="Linux-c++"
	BuildStamp="20201207-0937-Experimental"
	Name="DESKTOP-1IJEN2J"
	Generator="ctest-3.16.3"
	CompilerName="/usr/bin/c++"
	CompilerVersion="9.3.0"
	OSName="Linux"
	Hostname="DESKTOP-1IJEN2J"
	OSRelease="4.4.0-19041-Microsoft"
	OSVersion="#488-Microsoft Mon Sep 01 13:43:00 PST 2020"
	OSPlatform="x86_64"
	Is64Bits="1"
	VendorString="GenuineIntel"
	VendorID="Intel Corporation"
	FamilyID="6"
	ModelID="142"
	ProcessorCacheSize="256"
	NumberOfLogicalCPU="8"
	NumberOfPhysicalCPU="4"
	TotalVirtualMemory="24576"
	TotalPhysicalMemory="7974"
	LogicalProcessorsPerPhysical="2"
	ProcessorClockFrequency="1800"
	>
	<Testing>
		<StartDateTime>Dec 07 22:22 MSK</StartDateTime>
		<StartTestTime>1607368962</StartTestTime>
		<TestList>
			<Test>./macro_base_test</Test>
			<Test>./strutils/strutils</Test>
			<Test>./macro_recursive_test</Test>
			<Test>./deftab/deftab</Test>
			<Test>./parser/parser</Test>
			<Test>./macro_nested_test</Test>
			<Test>./namtab/namtab</Test>
		</TestList>
		<Test Status="passed">
			<Name>macro_base_test</Name>
			<Path>.</Path>
			<FullName>./macro_base_test</FullName>
			<FullCommandLine>/home/gdev/labs/course3/lab7/build/macro "../macro_base_test.txt" "../macro_base.txt"</FullCommandLine>
			<Results>
				<NamedMeasurement type="numeric/double" name="Execution Time">
					<Value>0.0585397</Value>
				</NamedMeasurement>
				<NamedMeasurement type="numeric/double" name="Processors">
					<Value>1</Value>
				</NamedMeasurement>
				<NamedMeasurement type="text/string" name="Completion Status">
					<Value>Completed</Value>
				</NamedMeasurement>
				<NamedMeasurement type="text/string" name="Command Line">
					<Value>/home/gdev/labs/course3/lab7/build/macro "../macro_base_test.txt" "../macro_base.txt"</Value>
				</NamedMeasurement>
				<Measurement>
					<Value></Value>
				</Measurement>
			</Results>
		</Test>
		<Test Status="passed">
			<Name>strutils</Name>
			<Path>./strutils</Path>
			<FullName>./strutils/strutils</FullName>
			<FullCommandLine>/home/gdev/labs/course3/lab7/build/strutils/strutils_test</FullCommandLine>
			<Results>
				<NamedMeasurement type="numeric/double" name="Execution Time">
					<Value>0.0479312</Value>
				</NamedMeasurement>
				<NamedMeasurement type="numeric/double" name="Processors">
					<Value>1</Value>
				</NamedMeasurement>
				<NamedMeasurement type="text/string" name="Completion Status">
					<Value>Completed</Value>
				</NamedMeasurement>
				<NamedMeasurement type="text/string" name="Command Line">
					<Value>/home/gdev/labs/course3/lab7/build/strutils/strutils_test</Value>
				</NamedMeasurement>
				<Measurement>
					<Value></Value>
				</Measurement>
			</Results>
		</Test>
		<Test Status="passed">
			<Name>macro_recursive_test</Name>
			<Path>.</Path>
			<FullName>./macro_recursive_test</FullName>
			<FullCommandLine>/home/gdev/labs/course3/lab7/build/macro "../macro_recursive_test.txt" "../macro_recursive.txt"</FullCommandLine>
			<Results>
				<NamedMeasurement type="numeric/double" name="Execution Time">
					<Value>0.0412799</Value>
				</NamedMeasurement>
				<NamedMeasurement type="numeric/double" name="Processors">
					<Value>1</Value>
				</NamedMeasurement>
				<NamedMeasurement type="text/string" name="Completion Status">
					<Value>Completed</Value>
				</NamedMeasurement>
				<NamedMeasurement type="text/string" name="Command Line">
					<Value>/home/gdev/labs/course3/lab7/build/macro "../macro_recursive_test.txt" "../macro_recursive.txt"</Value>
				</NamedMeasurement>
				<Measurement>
					<Value></Value>
				</Measurement>
			</Results>
		</Test>
		<Test Status="passed">
			<Name>deftab</Name>
			<Path>./deftab</Path>
			<FullName>./deftab/deftab</FullName>
			<FullCommandLine>/home/gdev/labs/course3/lab7/build/deftab/deftab_test</FullCommandLine>
			<Results>
				<NamedMeasurement type="numeric/double" name="Execution Time">
					<Value>0.0350767</Value>
				</NamedMeasurement>
				<NamedMeasurement type="numeric/double" name="Processors">
					<Value>1</Value>
				</NamedMeasurement>
				<NamedMeasurement type="text/string" name="Completion Status">
					<Value>Completed</Value>
				</NamedMeasurement>
				<NamedMeasurement type="text/string" name="Command Line">
					<Value>/home/gdev/labs/course3/lab7/build/deftab/deftab_test</Value>
				</NamedMeasurement>
				<Measurement>
					<Value></Value>
				</Measurement>
			</Results>
		</Test>
		<Test Status="passed">
			<Name>parser</Name>
			<Path>./parser</Path>
			<FullName>./parser/parser</FullName>
			<FullCommandLine>/home/gdev/labs/course3/lab7/build/parser/parser_test</FullCommandLine>
			<Results>
				<NamedMeasurement type="numeric/double" name="Execution Time">
					<Value>0.0288656</Value>
				</NamedMeasurement>
				<NamedMeasurement type="numeric/double" name="Processors">
					<Value>1</Value>
				</NamedMeasurement>
				<NamedMeasurement type="text/string" name="Completion Status">
					<Value>Completed</Value>
				</NamedMeasurement>
				<NamedMeasurement type="text/string" name="Command Line">
					<Value>/home/gdev/labs/course3/lab7/build/parser/parser_test</Value>
				</NamedMeasurement>
				<Measurement>
					<Value></Value>
				</Measurement>
			</Results>
		</Test>
		<Test Status="passed">
			<Name>macro_nested_test</Name>
			<Path>.</Path>
			<FullName>./macro_nested_test</FullName>
			<FullCommandLine>/home/gdev/labs/course3/lab7/build/macro "../macro_nested_test.txt" "../macro_nested.txt"</FullCommandLine>
			<Results>
				<NamedMeasurement type="numeric/double" name="Execution Time">
					<Value>0.0223984</Value>
				</NamedMeasurement>
				<NamedMeasurement type="numeric/double" name="Processors">
					<Value>1</Value>
				</NamedMeasurement>
				<NamedMeasurement type="text/string" name="Completion Status">
					<Value>Completed</Value>
				</NamedMeasurement>
				<NamedMeasurement type="text/string" name="Command Line">
					<Value>/home/gdev/labs/course3/lab7/build/macro "../macro_nested_test.txt" "../macro_nested.txt"</Value>
				</NamedMeasurement>
				<Measurement>
					<Value></Value>
				</Measurement>
			</Results>
		</Test>
		<Test Status="passed">
			<Name>namtab</Name>
			<Path>./namtab</Path>
			<FullName>./namtab/namtab</FullName>
			<FullCommandLine>/home/gdev/labs/course3/lab7/build/namtab/namtab_test</FullCommandLine>
			<Results>
				<NamedMeasurement type="numeric/double" name="Execution Time">
					<Value>0.0165712</Value>
				</NamedMeasurement>
				<NamedMeasurement type="numeric/double" name="Processors">
					<Value>1</Value>
				</NamedMeasurement>
				<NamedMeasurement type="text/string" name="Completion Status">
					<Value>Completed</Value>
				</NamedMeasurement>
				<NamedMeasurement type="text/string" name="Command Line">
					<Value>/home/gdev/labs/course3/lab7/build/namtab/namtab_test</Value>
				</NamedMeasurement>
				<Measurement>
					<Value></Value>
				</Measurement>
			</Results>
		</Test>
		<EndDateTime>Dec 07 22:22 MSK</EndDateTime>
		<EndTestTime>1607368962</EndTestTime>
		<ElapsedMinutes>0</ElapsedMinutes>
	</Testing>
</Site>
