Start testing: Dec 06 00:38 MSK
----------------------------------------------------------
3/3 Testing: strutils
3/3 Test: strutils
Command: "/home/gdev/labs/course3/lab7/build/strutils/strutils_test"
Directory: /home/gdev/labs/course3/lab7/build/strutils
"strutils" start time: Dec 06 00:38 MSK
Output:
----------------------------------------------------------
<end of output>
Test time =   0.03 sec
----------------------------------------------------------
Test Passed.
"strutils" end time: Dec 06 00:38 MSK
"strutils" time elapsed: 00:00:00
----------------------------------------------------------

1/3 Testing: deftab
1/3 Test: deftab
Command: "/home/gdev/labs/course3/lab7/build/deftab/deftab_test"
Directory: /home/gdev/labs/course3/lab7/build/deftab
"deftab" start time: Dec 06 00:38 MSK
Output:
----------------------------------------------------------
<end of output>
Test time =   0.02 sec
----------------------------------------------------------
Test Passed.
"deftab" end time: Dec 06 00:38 MSK
"deftab" time elapsed: 00:00:00
----------------------------------------------------------

2/3 Testing: namtab
2/3 Test: namtab
Command: "/home/gdev/labs/course3/lab7/build/namtab/namtab_test"
Directory: /home/gdev/labs/course3/lab7/build/namtab
"namtab" start time: Dec 06 00:38 MSK
Output:
----------------------------------------------------------
<end of output>
Test time =   0.01 sec
----------------------------------------------------------
Test Passed.
"namtab" end time: Dec 06 00:38 MSK
"namtab" time elapsed: 00:00:00
----------------------------------------------------------

End testing: Dec 06 00:38 MSK
