Start testing: Dec 07 22:22 MSK
----------------------------------------------------------
1/7 Testing: macro_base_test
1/7 Test: macro_base_test
Command: "/home/gdev/labs/course3/lab7/build/macro" "../macro_base_test.txt" "../macro_base.txt"
Directory: /home/gdev/labs/course3/lab7/build
"macro_base_test" start time: Dec 07 22:22 MSK
Output:
----------------------------------------------------------
<end of output>
Test time =   0.06 sec
----------------------------------------------------------
Test Passed.
"macro_base_test" end time: Dec 07 22:22 MSK
"macro_base_test" time elapsed: 00:00:00
----------------------------------------------------------

7/7 Testing: strutils
7/7 Test: strutils
Command: "/home/gdev/labs/course3/lab7/build/strutils/strutils_test"
Directory: /home/gdev/labs/course3/lab7/build/strutils
"strutils" start time: Dec 07 22:22 MSK
Output:
----------------------------------------------------------
<end of output>
Test time =   0.05 sec
----------------------------------------------------------
Test Passed.
"strutils" end time: Dec 07 22:22 MSK
"strutils" time elapsed: 00:00:00
----------------------------------------------------------

2/7 Testing: macro_recursive_test
2/7 Test: macro_recursive_test
Command: "/home/gdev/labs/course3/lab7/build/macro" "../macro_recursive_test.txt" "../macro_recursive.txt"
Directory: /home/gdev/labs/course3/lab7/build
"macro_recursive_test" start time: Dec 07 22:22 MSK
Output:
----------------------------------------------------------
<end of output>
Test time =   0.04 sec
----------------------------------------------------------
Test Passed.
"macro_recursive_test" end time: Dec 07 22:22 MSK
"macro_recursive_test" time elapsed: 00:00:00
----------------------------------------------------------

5/7 Testing: deftab
5/7 Test: deftab
Command: "/home/gdev/labs/course3/lab7/build/deftab/deftab_test"
Directory: /home/gdev/labs/course3/lab7/build/deftab
"deftab" start time: Dec 07 22:22 MSK
Output:
----------------------------------------------------------
<end of output>
Test time =   0.04 sec
----------------------------------------------------------
Test Passed.
"deftab" end time: Dec 07 22:22 MSK
"deftab" time elapsed: 00:00:00
----------------------------------------------------------

4/7 Testing: parser
4/7 Test: parser
Command: "/home/gdev/labs/course3/lab7/build/parser/parser_test"
Directory: /home/gdev/labs/course3/lab7/build/parser
"parser" start time: Dec 07 22:22 MSK
Output:
----------------------------------------------------------
<end of output>
Test time =   0.03 sec
----------------------------------------------------------
Test Passed.
"parser" end time: Dec 07 22:22 MSK
"parser" time elapsed: 00:00:00
----------------------------------------------------------

3/7 Testing: macro_nested_test
3/7 Test: macro_nested_test
Command: "/home/gdev/labs/course3/lab7/build/macro" "../macro_nested_test.txt" "../macro_nested.txt"
Directory: /home/gdev/labs/course3/lab7/build
"macro_nested_test" start time: Dec 07 22:22 MSK
Output:
----------------------------------------------------------
<end of output>
Test time =   0.02 sec
----------------------------------------------------------
Test Passed.
"macro_nested_test" end time: Dec 07 22:22 MSK
"macro_nested_test" time elapsed: 00:00:00
----------------------------------------------------------

6/7 Testing: namtab
6/7 Test: namtab
Command: "/home/gdev/labs/course3/lab7/build/namtab/namtab_test"
Directory: /home/gdev/labs/course3/lab7/build/namtab
"namtab" start time: Dec 07 22:22 MSK
Output:
----------------------------------------------------------
<end of output>
Test time =   0.02 sec
----------------------------------------------------------
Test Passed.
"namtab" end time: Dec 07 22:22 MSK
"namtab" time elapsed: 00:00:00
----------------------------------------------------------

End testing: Dec 07 22:22 MSK
